<?xml version="1.0" encoding="UTF-8"?>
<!-- Generated by org.testng.reporters.JUnitXMLReporter -->
<testsuite hostname="AlHasan" ignored="0" name="unit_one" tests="3" failures="0" timestamp="30 Jun 2021 11:57:02 GMT" time="0.451" errors="0">
  <testcase name="isPopularActive" time="0.137" classname="qa.test.ChangeViewedListTest"/>
  <testcase name="clickBestSeller" time="0.199" classname="qa.test.ChangeViewedListTest"/>
  <testcase name="isBestSellerActive" time="0.074" classname="qa.test.ChangeViewedListTest"/>
</testsuite> <!-- unit_one -->
