<?xml version="1.0" encoding="UTF-8"?>
<testng-results skipped="0" failed="0" ignored="0" total="3" passed="3">
  <reporter-output>
  </reporter-output>
  <suite name="Default Suite" duration-ms="451" started-at="2021-06-30T11:57:02Z" finished-at="2021-06-30T11:57:02Z">
    <groups>
    </groups>
    <test name="unit_one" duration-ms="451" started-at="2021-06-30T11:57:02Z" finished-at="2021-06-30T11:57:02Z">
      <class name="qa.test.ChangeViewedListTest">
        <test-method status="PASS" signature="startDriver()[pri:0, instance:qa.test.ChangeViewedListTest@2cfb4a64]" name="startDriver" is-config="true" duration-ms="9598" started-at="2021-06-30T11:56:52Z" finished-at="2021-06-30T11:57:02Z">
          <reporter-output>
          </reporter-output>
        </test-method> <!-- startDriver -->
        <test-method status="PASS" signature="isPopularActive()[pri:1, instance:qa.test.ChangeViewedListTest@2cfb4a64]" name="isPopularActive" duration-ms="137" started-at="2021-06-30T11:57:02Z" finished-at="2021-06-30T11:57:02Z">
          <reporter-output>
          </reporter-output>
        </test-method> <!-- isPopularActive -->
        <test-method status="PASS" signature="clickBestSeller()[pri:2, instance:qa.test.ChangeViewedListTest@2cfb4a64]" name="clickBestSeller" duration-ms="199" started-at="2021-06-30T11:57:02Z" finished-at="2021-06-30T11:57:02Z">
          <reporter-output>
          </reporter-output>
        </test-method> <!-- clickBestSeller -->
        <test-method status="PASS" signature="isBestSellerActive()[pri:3, instance:qa.test.ChangeViewedListTest@2cfb4a64]" name="isBestSellerActive" duration-ms="74" started-at="2021-06-30T11:57:02Z" finished-at="2021-06-30T11:57:02Z">
          <reporter-output>
          </reporter-output>
        </test-method> <!-- isBestSellerActive -->
        <test-method status="PASS" signature="closeDriver()[pri:0, instance:qa.test.ChangeViewedListTest@2cfb4a64]" name="closeDriver" is-config="true" duration-ms="224" started-at="2021-06-30T11:57:02Z" finished-at="2021-06-30T11:57:03Z">
          <reporter-output>
          </reporter-output>
        </test-method> <!-- closeDriver -->
      </class> <!-- qa.test.ChangeViewedListTest -->
    </test> <!-- unit_one -->
  </suite> <!-- Default Suite -->
</testng-results>
