<?xml version="1.0" encoding="UTF-8"?>
<!-- Generated by org.testng.reporters.JUnitXMLReporter -->
<testsuite hostname="AlHasan" ignored="0" name="unit_one" tests="3" failures="0" timestamp="30 Jun 2021 19:33:04 GMT" time="0.392" errors="0">
  <testcase name="isPopularActive" time="0.096" classname="qa.test.ChangeViewedListTest"/>
  <testcase name="clickBestSeller" time="0.192" classname="qa.test.ChangeViewedListTest"/>
  <testcase name="isBestSellerActive" time="0.064" classname="qa.test.ChangeViewedListTest"/>
</testsuite> <!-- unit_one -->
